Determining if the pthread_create exist failed with the following output:
Change Dir: /home/nvidia/frame_ws/src/frame_soft/perception/rwth_people_tracker/rwth_pedestrian_tracking-build/CMakeFiles/CMakeTmp

Run Build Command:"/usr/bin/make" "cmTC_3fc60/fast"
/usr/bin/make -f CMakeFiles/cmTC_3fc60.dir/build.make CMakeFiles/cmTC_3fc60.dir/build
make[1]: Entering directory '/home/nvidia/frame_ws/src/frame_soft/perception/rwth_people_tracker/rwth_pedestrian_tracking-build/CMakeFiles/CMakeTmp'
Building C object CMakeFiles/cmTC_3fc60.dir/CheckSymbolExists.c.o
/usr/bin/cc     -o CMakeFiles/cmTC_3fc60.dir/CheckSymbolExists.c.o   -c /home/nvidia/frame_ws/src/frame_soft/perception/rwth_people_tracker/rwth_pedestrian_tracking-build/CMakeFiles/CMakeTmp/CheckSymbolExists.c
Linking C executable cmTC_3fc60
/usr/bin/cmake -E cmake_link_script CMakeFiles/cmTC_3fc60.dir/link.txt --verbose=1
/usr/bin/cc       CMakeFiles/cmTC_3fc60.dir/CheckSymbolExists.c.o  -o cmTC_3fc60 -rdynamic 
CMakeFiles/cmTC_3fc60.dir/CheckSymbolExists.c.o: In function `main':
CheckSymbolExists.c:(.text+0x14): undefined reference to `pthread_create'
CheckSymbolExists.c:(.text+0x18): undefined reference to `pthread_create'
collect2: error: ld returned 1 exit status
CMakeFiles/cmTC_3fc60.dir/build.make:97: recipe for target 'cmTC_3fc60' failed
make[1]: *** [cmTC_3fc60] Error 1
make[1]: Leaving directory '/home/nvidia/frame_ws/src/frame_soft/perception/rwth_people_tracker/rwth_pedestrian_tracking-build/CMakeFiles/CMakeTmp'
Makefile:126: recipe for target 'cmTC_3fc60/fast' failed
make: *** [cmTC_3fc60/fast] Error 2

File /home/nvidia/frame_ws/src/frame_soft/perception/rwth_people_tracker/rwth_pedestrian_tracking-build/CMakeFiles/CMakeTmp/CheckSymbolExists.c:
/* */
#include <pthread.h>

int main(int argc, char** argv)
{
  (void)argv;
#ifndef pthread_create
  return ((int*)(&pthread_create))[argc];
#else
  (void)argc;
  return 0;
#endif
}

Determining if the function pthread_create exists in the pthreads failed with the following output:
Change Dir: /home/nvidia/frame_ws/src/frame_soft/perception/rwth_people_tracker/rwth_pedestrian_tracking-build/CMakeFiles/CMakeTmp

Run Build Command:"/usr/bin/make" "cmTC_b5cf8/fast"
/usr/bin/make -f CMakeFiles/cmTC_b5cf8.dir/build.make CMakeFiles/cmTC_b5cf8.dir/build
make[1]: Entering directory '/home/nvidia/frame_ws/src/frame_soft/perception/rwth_people_tracker/rwth_pedestrian_tracking-build/CMakeFiles/CMakeTmp'
Building C object CMakeFiles/cmTC_b5cf8.dir/CheckFunctionExists.c.o
/usr/bin/cc    -DCHECK_FUNCTION_EXISTS=pthread_create   -o CMakeFiles/cmTC_b5cf8.dir/CheckFunctionExists.c.o   -c /usr/share/cmake-3.5/Modules/CheckFunctionExists.c
Linking C executable cmTC_b5cf8
/usr/bin/cmake -E cmake_link_script CMakeFiles/cmTC_b5cf8.dir/link.txt --verbose=1
/usr/bin/cc   -DCHECK_FUNCTION_EXISTS=pthread_create    CMakeFiles/cmTC_b5cf8.dir/CheckFunctionExists.c.o  -o cmTC_b5cf8 -rdynamic -lpthreads 
/usr/bin/ld: cannot find -lpthreads
collect2: error: ld returned 1 exit status
CMakeFiles/cmTC_b5cf8.dir/build.make:97: recipe for target 'cmTC_b5cf8' failed
make[1]: *** [cmTC_b5cf8] Error 1
make[1]: Leaving directory '/home/nvidia/frame_ws/src/frame_soft/perception/rwth_people_tracker/rwth_pedestrian_tracking-build/CMakeFiles/CMakeTmp'
Makefile:126: recipe for target 'cmTC_b5cf8/fast' failed
make: *** [cmTC_b5cf8/fast] Error 2


Determining if the Q_WS_WIN exist failed with the following output:
Change Dir: /home/nvidia/frame_ws/src/frame_soft/perception/rwth_people_tracker/rwth_pedestrian_tracking-build/CMakeFiles/CMakeTmp

Run Build Command:"/usr/bin/make" "cmTC_60756/fast"
/usr/bin/make -f CMakeFiles/cmTC_60756.dir/build.make CMakeFiles/cmTC_60756.dir/build
make[1]: Entering directory '/home/nvidia/frame_ws/src/frame_soft/perception/rwth_people_tracker/rwth_pedestrian_tracking-build/CMakeFiles/CMakeTmp'
Building CXX object CMakeFiles/cmTC_60756.dir/CheckSymbolExists.cxx.o
/usr/bin/c++    -I/usr/include/qt4   -o CMakeFiles/cmTC_60756.dir/CheckSymbolExists.cxx.o -c /home/nvidia/frame_ws/src/frame_soft/perception/rwth_people_tracker/rwth_pedestrian_tracking-build/CMakeFiles/CMakeTmp/CheckSymbolExists.cxx
/home/nvidia/frame_ws/src/frame_soft/perception/rwth_people_tracker/rwth_pedestrian_tracking-build/CMakeFiles/CMakeTmp/CheckSymbolExists.cxx: In function ‘int main(int, char**)’:
/home/nvidia/frame_ws/src/frame_soft/perception/rwth_people_tracker/rwth_pedestrian_tracking-build/CMakeFiles/CMakeTmp/CheckSymbolExists.cxx:8:19: error: ‘Q_WS_WIN’ was not declared in this scope
   return ((int*)(&Q_WS_WIN))[argc];
                   ^
CMakeFiles/cmTC_60756.dir/build.make:65: recipe for target 'CMakeFiles/cmTC_60756.dir/CheckSymbolExists.cxx.o' failed
make[1]: *** [CMakeFiles/cmTC_60756.dir/CheckSymbolExists.cxx.o] Error 1
make[1]: Leaving directory '/home/nvidia/frame_ws/src/frame_soft/perception/rwth_people_tracker/rwth_pedestrian_tracking-build/CMakeFiles/CMakeTmp'
Makefile:126: recipe for target 'cmTC_60756/fast' failed
make: *** [cmTC_60756/fast] Error 2

File /home/nvidia/frame_ws/src/frame_soft/perception/rwth_people_tracker/rwth_pedestrian_tracking-build/CMakeFiles/CMakeTmp/CheckSymbolExists.cxx:
/* */
#include <QtCore/qglobal.h>

int main(int argc, char** argv)
{
  (void)argv;
#ifndef Q_WS_WIN
  return ((int*)(&Q_WS_WIN))[argc];
#else
  (void)argc;
  return 0;
#endif
}

Determining if the Q_WS_QWS exist failed with the following output:
Change Dir: /home/nvidia/frame_ws/src/frame_soft/perception/rwth_people_tracker/rwth_pedestrian_tracking-build/CMakeFiles/CMakeTmp

Run Build Command:"/usr/bin/make" "cmTC_d3a3c/fast"
/usr/bin/make -f CMakeFiles/cmTC_d3a3c.dir/build.make CMakeFiles/cmTC_d3a3c.dir/build
make[1]: Entering directory '/home/nvidia/frame_ws/src/frame_soft/perception/rwth_people_tracker/rwth_pedestrian_tracking-build/CMakeFiles/CMakeTmp'
Building CXX object CMakeFiles/cmTC_d3a3c.dir/CheckSymbolExists.cxx.o
/usr/bin/c++    -I/usr/include/qt4   -o CMakeFiles/cmTC_d3a3c.dir/CheckSymbolExists.cxx.o -c /home/nvidia/frame_ws/src/frame_soft/perception/rwth_people_tracker/rwth_pedestrian_tracking-build/CMakeFiles/CMakeTmp/CheckSymbolExists.cxx
/home/nvidia/frame_ws/src/frame_soft/perception/rwth_people_tracker/rwth_pedestrian_tracking-build/CMakeFiles/CMakeTmp/CheckSymbolExists.cxx: In function ‘int main(int, char**)’:
/home/nvidia/frame_ws/src/frame_soft/perception/rwth_people_tracker/rwth_pedestrian_tracking-build/CMakeFiles/CMakeTmp/CheckSymbolExists.cxx:8:19: error: ‘Q_WS_QWS’ was not declared in this scope
   return ((int*)(&Q_WS_QWS))[argc];
                   ^
CMakeFiles/cmTC_d3a3c.dir/build.make:65: recipe for target 'CMakeFiles/cmTC_d3a3c.dir/CheckSymbolExists.cxx.o' failed
make[1]: *** [CMakeFiles/cmTC_d3a3c.dir/CheckSymbolExists.cxx.o] Error 1
make[1]: Leaving directory '/home/nvidia/frame_ws/src/frame_soft/perception/rwth_people_tracker/rwth_pedestrian_tracking-build/CMakeFiles/CMakeTmp'
Makefile:126: recipe for target 'cmTC_d3a3c/fast' failed
make: *** [cmTC_d3a3c/fast] Error 2

File /home/nvidia/frame_ws/src/frame_soft/perception/rwth_people_tracker/rwth_pedestrian_tracking-build/CMakeFiles/CMakeTmp/CheckSymbolExists.cxx:
/* */
#include <QtCore/qglobal.h>

int main(int argc, char** argv)
{
  (void)argv;
#ifndef Q_WS_QWS
  return ((int*)(&Q_WS_QWS))[argc];
#else
  (void)argc;
  return 0;
#endif
}

Determining if the Q_WS_MAC exist failed with the following output:
Change Dir: /home/nvidia/frame_ws/src/frame_soft/perception/rwth_people_tracker/rwth_pedestrian_tracking-build/CMakeFiles/CMakeTmp

Run Build Command:"/usr/bin/make" "cmTC_01539/fast"
/usr/bin/make -f CMakeFiles/cmTC_01539.dir/build.make CMakeFiles/cmTC_01539.dir/build
make[1]: Entering directory '/home/nvidia/frame_ws/src/frame_soft/perception/rwth_people_tracker/rwth_pedestrian_tracking-build/CMakeFiles/CMakeTmp'
Building CXX object CMakeFiles/cmTC_01539.dir/CheckSymbolExists.cxx.o
/usr/bin/c++    -I/usr/include/qt4   -o CMakeFiles/cmTC_01539.dir/CheckSymbolExists.cxx.o -c /home/nvidia/frame_ws/src/frame_soft/perception/rwth_people_tracker/rwth_pedestrian_tracking-build/CMakeFiles/CMakeTmp/CheckSymbolExists.cxx
/home/nvidia/frame_ws/src/frame_soft/perception/rwth_people_tracker/rwth_pedestrian_tracking-build/CMakeFiles/CMakeTmp/CheckSymbolExists.cxx: In function ‘int main(int, char**)’:
/home/nvidia/frame_ws/src/frame_soft/perception/rwth_people_tracker/rwth_pedestrian_tracking-build/CMakeFiles/CMakeTmp/CheckSymbolExists.cxx:8:19: error: ‘Q_WS_MAC’ was not declared in this scope
   return ((int*)(&Q_WS_MAC))[argc];
                   ^
CMakeFiles/cmTC_01539.dir/build.make:65: recipe for target 'CMakeFiles/cmTC_01539.dir/CheckSymbolExists.cxx.o' failed
make[1]: *** [CMakeFiles/cmTC_01539.dir/CheckSymbolExists.cxx.o] Error 1
make[1]: Leaving directory '/home/nvidia/frame_ws/src/frame_soft/perception/rwth_people_tracker/rwth_pedestrian_tracking-build/CMakeFiles/CMakeTmp'
Makefile:126: recipe for target 'cmTC_01539/fast' failed
make: *** [cmTC_01539/fast] Error 2

File /home/nvidia/frame_ws/src/frame_soft/perception/rwth_people_tracker/rwth_pedestrian_tracking-build/CMakeFiles/CMakeTmp/CheckSymbolExists.cxx:
/* */
#include <QtCore/qglobal.h>

int main(int argc, char** argv)
{
  (void)argv;
#ifndef Q_WS_MAC
  return ((int*)(&Q_WS_MAC))[argc];
#else
  (void)argc;
  return 0;
#endif
}

